mode: set
github.com/Habibullo-1999/wallet/pkg/wallet/service.go:33.78,34.37 1 1
github.com/Habibullo-1999/wallet/pkg/wallet/service.go:40.2,48.21 4 1
github.com/Habibullo-1999/wallet/pkg/wallet/service.go:34.37,35.29 1 1
github.com/Habibullo-1999/wallet/pkg/wallet/service.go:35.29,37.4 1 1
github.com/Habibullo-1999/wallet/pkg/wallet/service.go:51.76,52.37 1 1
github.com/Habibullo-1999/wallet/pkg/wallet/service.go:58.2,58.32 1 1
github.com/Habibullo-1999/wallet/pkg/wallet/service.go:52.37,53.30 1 1
github.com/Habibullo-1999/wallet/pkg/wallet/service.go:53.30,55.4 1 1
github.com/Habibullo-1999/wallet/pkg/wallet/service.go:61.70,62.17 1 1
github.com/Habibullo-1999/wallet/pkg/wallet/service.go:66.2,67.16 2 1
github.com/Habibullo-1999/wallet/pkg/wallet/service.go:72.2,73.12 2 1
github.com/Habibullo-1999/wallet/pkg/wallet/service.go:62.17,64.3 1 1
github.com/Habibullo-1999/wallet/pkg/wallet/service.go:67.16,69.3 1 1
github.com/Habibullo-1999/wallet/pkg/wallet/service.go:76.116,77.17 1 1
github.com/Habibullo-1999/wallet/pkg/wallet/service.go:81.2,82.33 2 1
github.com/Habibullo-1999/wallet/pkg/wallet/service.go:88.2,88.20 1 1
github.com/Habibullo-1999/wallet/pkg/wallet/service.go:92.2,92.30 1 1
github.com/Habibullo-1999/wallet/pkg/wallet/service.go:96.2,106.21 5 1
github.com/Habibullo-1999/wallet/pkg/wallet/service.go:77.17,79.3 1 1
github.com/Habibullo-1999/wallet/pkg/wallet/service.go:82.33,83.26 1 1
github.com/Habibullo-1999/wallet/pkg/wallet/service.go:83.26,85.9 2 1
github.com/Habibullo-1999/wallet/pkg/wallet/service.go:88.20,90.3 1 1
github.com/Habibullo-1999/wallet/pkg/wallet/service.go:92.30,94.3 1 1
github.com/Habibullo-1999/wallet/pkg/wallet/service.go:109.77,110.37 1 1
github.com/Habibullo-1999/wallet/pkg/wallet/service.go:116.2,116.32 1 1
github.com/Habibullo-1999/wallet/pkg/wallet/service.go:110.37,111.30 1 1
github.com/Habibullo-1999/wallet/pkg/wallet/service.go:111.30,113.4 1 1
github.com/Habibullo-1999/wallet/pkg/wallet/service.go:119.50,121.16 2 1
github.com/Habibullo-1999/wallet/pkg/wallet/service.go:124.2,125.16 2 1
github.com/Habibullo-1999/wallet/pkg/wallet/service.go:129.2,131.12 3 1
github.com/Habibullo-1999/wallet/pkg/wallet/service.go:121.16,123.3 1 1
github.com/Habibullo-1999/wallet/pkg/wallet/service.go:125.16,127.3 1 1
github.com/Habibullo-1999/wallet/pkg/wallet/service.go:134.68,136.16 2 1
github.com/Habibullo-1999/wallet/pkg/wallet/service.go:140.2,140.67 1 1
github.com/Habibullo-1999/wallet/pkg/wallet/service.go:136.16,138.3 1 1
github.com/Habibullo-1999/wallet/pkg/wallet/service.go:143.91,145.16 2 1
github.com/Habibullo-1999/wallet/pkg/wallet/service.go:149.2,158.22 3 1
github.com/Habibullo-1999/wallet/pkg/wallet/service.go:145.16,147.3 1 1
github.com/Habibullo-1999/wallet/pkg/wallet/service.go:161.80,162.39 1 1
github.com/Habibullo-1999/wallet/pkg/wallet/service.go:168.2,168.33 1 1
github.com/Habibullo-1999/wallet/pkg/wallet/service.go:162.39,163.32 1 1
github.com/Habibullo-1999/wallet/pkg/wallet/service.go:163.32,165.4 1 1
github.com/Habibullo-1999/wallet/pkg/wallet/service.go:171.78,173.16 2 1
github.com/Habibullo-1999/wallet/pkg/wallet/service.go:177.2,177.70 1 1
github.com/Habibullo-1999/wallet/pkg/wallet/service.go:173.16,175.3 1 1
github.com/Habibullo-1999/wallet/pkg/wallet/service.go:180.51,182.16 2 0
github.com/Habibullo-1999/wallet/pkg/wallet/service.go:185.2,185.15 1 0
github.com/Habibullo-1999/wallet/pkg/wallet/service.go:192.2,193.37 2 0
github.com/Habibullo-1999/wallet/pkg/wallet/service.go:199.2,200.16 2 0
github.com/Habibullo-1999/wallet/pkg/wallet/service.go:204.2,204.12 1 0
github.com/Habibullo-1999/wallet/pkg/wallet/service.go:182.16,184.3 1 0
github.com/Habibullo-1999/wallet/pkg/wallet/service.go:185.15,187.17 2 0
github.com/Habibullo-1999/wallet/pkg/wallet/service.go:187.17,189.4 1 0
github.com/Habibullo-1999/wallet/pkg/wallet/service.go:193.37,197.3 3 0
github.com/Habibullo-1999/wallet/pkg/wallet/service.go:200.16,203.3 2 0
github.com/Habibullo-1999/wallet/pkg/wallet/service.go:207.53,209.16 2 0
github.com/Habibullo-1999/wallet/pkg/wallet/service.go:212.2,212.15 1 0
github.com/Habibullo-1999/wallet/pkg/wallet/service.go:219.2,222.6 3 0
github.com/Habibullo-1999/wallet/pkg/wallet/service.go:232.2,235.31 3 0
github.com/Habibullo-1999/wallet/pkg/wallet/service.go:256.2,256.12 1 0
github.com/Habibullo-1999/wallet/pkg/wallet/service.go:209.16,211.3 1 0
github.com/Habibullo-1999/wallet/pkg/wallet/service.go:212.15,214.17 2 0
github.com/Habibullo-1999/wallet/pkg/wallet/service.go:214.17,216.4 1 0
github.com/Habibullo-1999/wallet/pkg/wallet/service.go:222.6,224.20 2 0
github.com/Habibullo-1999/wallet/pkg/wallet/service.go:227.3,227.17 1 0
github.com/Habibullo-1999/wallet/pkg/wallet/service.go:230.3,230.43 1 0
github.com/Habibullo-1999/wallet/pkg/wallet/service.go:224.20,225.9 1 0
github.com/Habibullo-1999/wallet/pkg/wallet/service.go:227.17,229.4 1 0
github.com/Habibullo-1999/wallet/pkg/wallet/service.go:235.31,239.17 3 0
github.com/Habibullo-1999/wallet/pkg/wallet/service.go:243.3,244.17 2 0
github.com/Habibullo-1999/wallet/pkg/wallet/service.go:248.3,254.43 2 0
github.com/Habibullo-1999/wallet/pkg/wallet/service.go:239.17,241.4 1 0
github.com/Habibullo-1999/wallet/pkg/wallet/service.go:244.17,246.4 1 0
github.com/Habibullo-1999/wallet/pkg/wallet/service.go:259.44,260.25 1 1
github.com/Habibullo-1999/wallet/pkg/wallet/service.go:278.2,278.25 1 1
github.com/Habibullo-1999/wallet/pkg/wallet/service.go:295.2,295.26 1 1
github.com/Habibullo-1999/wallet/pkg/wallet/service.go:313.2,313.12 1 1
github.com/Habibullo-1999/wallet/pkg/wallet/service.go:260.25,262.16 2 1
github.com/Habibullo-1999/wallet/pkg/wallet/service.go:271.3,273.32 2 1
github.com/Habibullo-1999/wallet/pkg/wallet/service.go:276.3,276.24 1 1
github.com/Habibullo-1999/wallet/pkg/wallet/service.go:262.16,263.41 1 1
github.com/Habibullo-1999/wallet/pkg/wallet/service.go:263.41,264.19 1 1
github.com/Habibullo-1999/wallet/pkg/wallet/service.go:264.19,267.6 2 1
github.com/Habibullo-1999/wallet/pkg/wallet/service.go:273.32,275.4 1 1
github.com/Habibullo-1999/wallet/pkg/wallet/service.go:278.25,280.16 2 1
github.com/Habibullo-1999/wallet/pkg/wallet/service.go:289.3,290.32 2 1
github.com/Habibullo-1999/wallet/pkg/wallet/service.go:293.3,293.24 1 1
github.com/Habibullo-1999/wallet/pkg/wallet/service.go:280.16,281.41 1 1
github.com/Habibullo-1999/wallet/pkg/wallet/service.go:281.41,282.19 1 1
github.com/Habibullo-1999/wallet/pkg/wallet/service.go:282.19,285.6 2 1
github.com/Habibullo-1999/wallet/pkg/wallet/service.go:290.32,292.4 1 1
github.com/Habibullo-1999/wallet/pkg/wallet/service.go:295.26,297.16 2 1
github.com/Habibullo-1999/wallet/pkg/wallet/service.go:306.3,308.33 2 1
github.com/Habibullo-1999/wallet/pkg/wallet/service.go:311.3,311.24 1 1
github.com/Habibullo-1999/wallet/pkg/wallet/service.go:297.16,298.41 1 1
github.com/Habibullo-1999/wallet/pkg/wallet/service.go:298.41,299.19 1 1
github.com/Habibullo-1999/wallet/pkg/wallet/service.go:299.19,302.6 2 1
github.com/Habibullo-1999/wallet/pkg/wallet/service.go:308.33,310.4 1 1
github.com/Habibullo-1999/wallet/pkg/wallet/service.go:316.44,320.16 2 0
github.com/Habibullo-1999/wallet/pkg/wallet/service.go:361.2,363.17 2 0
github.com/Habibullo-1999/wallet/pkg/wallet/service.go:412.2,414.17 2 0
github.com/Habibullo-1999/wallet/pkg/wallet/service.go:461.2,461.12 1 0
github.com/Habibullo-1999/wallet/pkg/wallet/service.go:320.16,322.17 2 0
github.com/Habibullo-1999/wallet/pkg/wallet/service.go:326.3,327.24 2 0
github.com/Habibullo-1999/wallet/pkg/wallet/service.go:330.3,330.30 1 0
github.com/Habibullo-1999/wallet/pkg/wallet/service.go:322.17,324.4 1 0
github.com/Habibullo-1999/wallet/pkg/wallet/service.go:327.24,329.4 1 0
github.com/Habibullo-1999/wallet/pkg/wallet/service.go:330.30,335.18 4 0
github.com/Habibullo-1999/wallet/pkg/wallet/service.go:338.4,339.18 2 0
github.com/Habibullo-1999/wallet/pkg/wallet/service.go:342.4,343.33 2 0
github.com/Habibullo-1999/wallet/pkg/wallet/service.go:350.4,350.12 1 0
github.com/Habibullo-1999/wallet/pkg/wallet/service.go:335.18,337.5 1 0
github.com/Habibullo-1999/wallet/pkg/wallet/service.go:339.18,341.5 1 0
github.com/Habibullo-1999/wallet/pkg/wallet/service.go:343.33,344.19 1 0
github.com/Habibullo-1999/wallet/pkg/wallet/service.go:344.19,348.6 3 0
github.com/Habibullo-1999/wallet/pkg/wallet/service.go:350.12,357.5 2 0
github.com/Habibullo-1999/wallet/pkg/wallet/service.go:363.17,365.17 2 0
github.com/Habibullo-1999/wallet/pkg/wallet/service.go:369.3,370.24 2 0
github.com/Habibullo-1999/wallet/pkg/wallet/service.go:373.3,373.30 1 0
github.com/Habibullo-1999/wallet/pkg/wallet/service.go:365.17,367.4 1 0
github.com/Habibullo-1999/wallet/pkg/wallet/service.go:370.24,372.4 1 0
github.com/Habibullo-1999/wallet/pkg/wallet/service.go:373.30,378.18 4 0
github.com/Habibullo-1999/wallet/pkg/wallet/service.go:381.4,382.18 2 0
github.com/Habibullo-1999/wallet/pkg/wallet/service.go:385.4,386.18 2 0
github.com/Habibullo-1999/wallet/pkg/wallet/service.go:389.4,390.33 2 0
github.com/Habibullo-1999/wallet/pkg/wallet/service.go:399.4,399.12 1 0
github.com/Habibullo-1999/wallet/pkg/wallet/service.go:378.18,380.5 1 0
github.com/Habibullo-1999/wallet/pkg/wallet/service.go:382.18,384.5 1 0
github.com/Habibullo-1999/wallet/pkg/wallet/service.go:386.18,388.5 1 0
github.com/Habibullo-1999/wallet/pkg/wallet/service.go:390.33,391.19 1 0
github.com/Habibullo-1999/wallet/pkg/wallet/service.go:391.19,397.6 5 0
github.com/Habibullo-1999/wallet/pkg/wallet/service.go:399.12,408.5 2 0
github.com/Habibullo-1999/wallet/pkg/wallet/service.go:414.17,416.17 2 0
github.com/Habibullo-1999/wallet/pkg/wallet/service.go:420.3,421.24 2 0
github.com/Habibullo-1999/wallet/pkg/wallet/service.go:424.3,424.30 1 0
github.com/Habibullo-1999/wallet/pkg/wallet/service.go:416.17,418.4 1 0
github.com/Habibullo-1999/wallet/pkg/wallet/service.go:421.24,423.4 1 0
github.com/Habibullo-1999/wallet/pkg/wallet/service.go:424.30,429.18 4 0
github.com/Habibullo-1999/wallet/pkg/wallet/service.go:432.4,433.18 2 0
github.com/Habibullo-1999/wallet/pkg/wallet/service.go:436.4,437.18 2 0
github.com/Habibullo-1999/wallet/pkg/wallet/service.go:440.4,441.34 2 0
github.com/Habibullo-1999/wallet/pkg/wallet/service.go:449.4,449.12 1 0
github.com/Habibullo-1999/wallet/pkg/wallet/service.go:429.18,431.5 1 0
github.com/Habibullo-1999/wallet/pkg/wallet/service.go:433.18,435.5 1 0
github.com/Habibullo-1999/wallet/pkg/wallet/service.go:437.18,439.5 1 0
github.com/Habibullo-1999/wallet/pkg/wallet/service.go:441.34,442.19 1 0
github.com/Habibullo-1999/wallet/pkg/wallet/service.go:442.19,447.6 4 0
github.com/Habibullo-1999/wallet/pkg/wallet/service.go:449.12,457.5 2 0
github.com/Habibullo-1999/wallet/pkg/wallet/service.go:464.82,467.16 2 1
github.com/Habibullo-1999/wallet/pkg/wallet/service.go:471.2,472.33 2 1
github.com/Habibullo-1999/wallet/pkg/wallet/service.go:486.2,486.22 1 1
github.com/Habibullo-1999/wallet/pkg/wallet/service.go:467.16,469.3 1 0
github.com/Habibullo-1999/wallet/pkg/wallet/service.go:472.33,474.30 1 1
github.com/Habibullo-1999/wallet/pkg/wallet/service.go:474.30,483.4 2 1
github.com/Habibullo-1999/wallet/pkg/wallet/service.go:489.91,492.51 2 1
github.com/Habibullo-1999/wallet/pkg/wallet/service.go:519.2,519.12 1 1
github.com/Habibullo-1999/wallet/pkg/wallet/service.go:492.51,496.30 3 0
github.com/Habibullo-1999/wallet/pkg/wallet/service.go:499.3,499.24 1 0
github.com/Habibullo-1999/wallet/pkg/wallet/service.go:496.30,498.4 1 0
github.com/Habibullo-1999/wallet/pkg/wallet/service.go:500.8,504.30 4 1
github.com/Habibullo-1999/wallet/pkg/wallet/service.go:504.30,505.14 1 1
github.com/Habibullo-1999/wallet/pkg/wallet/service.go:508.4,511.20 4 1
github.com/Habibullo-1999/wallet/pkg/wallet/service.go:505.14,507.5 1 1
github.com/Habibullo-1999/wallet/pkg/wallet/service.go:511.20,516.5 4 1
github.com/Habibullo-1999/wallet/pkg/wallet/service.go:522.59,528.21 6 1
github.com/Habibullo-1999/wallet/pkg/wallet/service.go:533.2,533.35 1 1
github.com/Habibullo-1999/wallet/pkg/wallet/service.go:548.2,549.12 2 1
github.com/Habibullo-1999/wallet/pkg/wallet/service.go:561.2,562.25 2 1
github.com/Habibullo-1999/wallet/pkg/wallet/service.go:528.21,530.3 1 0
github.com/Habibullo-1999/wallet/pkg/wallet/service.go:530.8,532.3 1 1
github.com/Habibullo-1999/wallet/pkg/wallet/service.go:533.35,535.22 2 1
github.com/Habibullo-1999/wallet/pkg/wallet/service.go:535.22,539.37 4 1
github.com/Habibullo-1999/wallet/pkg/wallet/service.go:542.4,544.15 3 1
github.com/Habibullo-1999/wallet/pkg/wallet/service.go:539.37,541.5 1 1
github.com/Habibullo-1999/wallet/pkg/wallet/service.go:549.12,553.36 4 1
github.com/Habibullo-1999/wallet/pkg/wallet/service.go:556.3,558.14 3 1
github.com/Habibullo-1999/wallet/pkg/wallet/service.go:553.36,555.4 1 1
