mode: set
github.com/Habibullo-1999/wallet/pkg/wallet/service.go:24.78,25.37 1 1
github.com/Habibullo-1999/wallet/pkg/wallet/service.go:30.2,37.21 4 1
github.com/Habibullo-1999/wallet/pkg/wallet/service.go:25.37,26.29 1 0
github.com/Habibullo-1999/wallet/pkg/wallet/service.go:26.29,28.4 1 0
github.com/Habibullo-1999/wallet/pkg/wallet/service.go:40.70,41.17 1 1
github.com/Habibullo-1999/wallet/pkg/wallet/service.go:45.2,46.33 2 1
github.com/Habibullo-1999/wallet/pkg/wallet/service.go:53.2,53.20 1 1
github.com/Habibullo-1999/wallet/pkg/wallet/service.go:57.2,58.12 2 1
github.com/Habibullo-1999/wallet/pkg/wallet/service.go:41.17,43.3 1 0
github.com/Habibullo-1999/wallet/pkg/wallet/service.go:46.33,47.26 1 1
github.com/Habibullo-1999/wallet/pkg/wallet/service.go:47.26,49.9 2 1
github.com/Habibullo-1999/wallet/pkg/wallet/service.go:53.20,55.3 1 0
github.com/Habibullo-1999/wallet/pkg/wallet/service.go:61.116,62.17 1 1
github.com/Habibullo-1999/wallet/pkg/wallet/service.go:65.2,66.33 2 1
github.com/Habibullo-1999/wallet/pkg/wallet/service.go:73.2,73.20 1 1
github.com/Habibullo-1999/wallet/pkg/wallet/service.go:76.2,76.30 1 1
github.com/Habibullo-1999/wallet/pkg/wallet/service.go:80.2,90.20 5 1
github.com/Habibullo-1999/wallet/pkg/wallet/service.go:62.17,64.3 1 0
github.com/Habibullo-1999/wallet/pkg/wallet/service.go:66.33,67.26 1 1
github.com/Habibullo-1999/wallet/pkg/wallet/service.go:67.26,69.9 2 1
github.com/Habibullo-1999/wallet/pkg/wallet/service.go:73.20,75.3 1 0
github.com/Habibullo-1999/wallet/pkg/wallet/service.go:76.30,78.3 1 0
github.com/Habibullo-1999/wallet/pkg/wallet/service.go:95.75,96.33 1 1
github.com/Habibullo-1999/wallet/pkg/wallet/service.go:101.2,101.31 1 0
github.com/Habibullo-1999/wallet/pkg/wallet/service.go:96.33,97.26 1 1
github.com/Habibullo-1999/wallet/pkg/wallet/service.go:97.26,99.4 1 1
github.com/Habibullo-1999/wallet/pkg/wallet/service.go:105.76,106.33 1 1
github.com/Habibullo-1999/wallet/pkg/wallet/service.go:111.3,111.32 1 1
github.com/Habibullo-1999/wallet/pkg/wallet/service.go:106.33,107.26 1 1
github.com/Habibullo-1999/wallet/pkg/wallet/service.go:107.26,109.4 1 1
github.com/Habibullo-1999/wallet/pkg/wallet/service.go:115.49,119.15 2 1
github.com/Habibullo-1999/wallet/pkg/wallet/service.go:123.2,125.14 2 1
github.com/Habibullo-1999/wallet/pkg/wallet/service.go:129.2,131.12 3 1
github.com/Habibullo-1999/wallet/pkg/wallet/service.go:119.15,121.3 1 0
github.com/Habibullo-1999/wallet/pkg/wallet/service.go:125.14,127.3 1 0
